2018-06-12 12:27:41,744 INFO o.a.j.u.JMeterUtils: Setting Locale to en_US
2018-06-12 12:27:41,761 INFO o.a.j.JMeter: Loading user properties from: user.properties
2018-06-12 12:27:41,762 INFO o.a.j.JMeter: Loading system properties from: system.properties
2018-06-12 12:27:41,766 INFO o.a.j.JMeter: Copyright (c) 1998-2017 The Apache Software Foundation
2018-06-12 12:27:41,767 INFO o.a.j.JMeter: Version 3.3 r1808647
2018-06-12 12:27:41,767 INFO o.a.j.JMeter: java.version=1.8.0_171
2018-06-12 12:27:41,767 INFO o.a.j.JMeter: java.vm.name=Java HotSpot(TM) 64-Bit Server VM
2018-06-12 12:27:41,767 INFO o.a.j.JMeter: os.name=Windows Server 2016
2018-06-12 12:27:41,767 INFO o.a.j.JMeter: os.arch=amd64
2018-06-12 12:27:41,767 INFO o.a.j.JMeter: os.version=10.0
2018-06-12 12:27:41,767 INFO o.a.j.JMeter: file.encoding=Cp1252
2018-06-12 12:27:41,768 INFO o.a.j.JMeter: Max memory     =536870912
2018-06-12 12:27:41,768 INFO o.a.j.JMeter: Available Processors =2
2018-06-12 12:27:41,772 INFO o.a.j.JMeter: Default Locale=English (United States)
2018-06-12 12:27:41,772 INFO o.a.j.JMeter: JMeter  Locale=English (United States)
2018-06-12 12:27:41,772 INFO o.a.j.JMeter: JMeterHome=C:\Users\sumuth\Downloads\apache-jmeter-3.3
2018-06-12 12:27:41,772 INFO o.a.j.JMeter: user.dir  =C:\Users\sumuth\Downloads\apache-jmeter-3.3\bin
2018-06-12 12:27:41,773 INFO o.a.j.JMeter: PWD       =C:\Users\sumuth\Downloads\apache-jmeter-3.3\bin
2018-06-12 12:27:41,776 INFO o.a.j.JMeter: IP: 172.17.15.4 Name: rgzh-vm1 FullName: rgzh-vm1.1weq1nmkcpzexgmltay4vmwhja.hx.internal.cloudapp.net
2018-06-12 12:27:41,965 INFO o.a.j.g.a.LookAndFeelCommand: Using look and feel: javax.swing.plaf.metal.MetalLookAndFeel [Metal, CrossPlatform]
2018-06-12 12:27:41,974 INFO o.a.j.JMeter: Loaded icon properties from org/apache/jmeter/images/icon.properties
2018-06-12 12:27:42,523 INFO o.a.j.e.u.CompoundVariable: Note: Function class names must contain the string: '.functions.'
2018-06-12 12:27:42,523 INFO o.a.j.e.u.CompoundVariable: Note: Function class names must not contain the string: '.gui.'
